<frozen importlib._bootstrap>:491: RuntimeWarning: The global interpreter lock (GIL) has been enabled to load module 'edelweissfe.elements.marmotelement.element', which has not declared that it can run safely without the GIL. To override this behavior and keep the GIL disabled (at your own risk), run with PYTHON_GIL=0 or -Xgil=0.
=== Quasi-static mass-scaled contact test ===
  E=400.0, ν=0.3, ρ(scaled)=100.0
  Physical wave speed c = 20.0 m/s  (ρ_phys=1)
  Scaled  wave speed c*= 2.0 m/s
  Loading velocity      = 10.0 m/s  (50% of physical c)
  Expected contact time = 0.0600 s
  dt = 0.005 s  →  200 increments

Loading particles...
   Reading Exodus mesh (Pure NetCDF) from: particles.exo                                        exo
   Created 1000 particles.                                                                      exo
   Reading side sets (Direct Map)...                                                            exo
Generating kernel matching...
   Generating kernel functions matching to particles in set 'mesh_particles_all'.  matching_kernels
   Characteristic length of particles: min = 1.000000e+00, max = 1.000000e+00.     matching_kernels
   Generated 0 kernel functions matching to particles.                             matching_kernels
2026-07-09 08:09:54.006 (   0.714s) [    7F584EE20780]vtkDemandDrivenPipeline:672    ERR| vtkCompositeDataPipeline (0x55763d7c2a80): Input port 0 of algorithm vtkAppendFilter (0x55763dc574b0) has 0 connections but is not optional.
ERROR:root:Input port 0 of algorithm vtkAppendFilter (0x55763dc574b0) has 0 connections but is not optional.
2026-07-09 08:09:54.006 (   0.714s) [    7F584EE20780]vtkDemandDrivenPipeline:672    ERR| vtkCompositeDataPipeline (0x55763d7c2a80): Input port 0 of algorithm vtkAppendFilter (0x55763d80e8b0) has 0 connections but is not optional.
ERROR:root:Input port 0 of algorithm vtkAppendFilter (0x55763d80e8b0) has 0 connections but is not optional.
2026-07-09 08:09:54.006 (   0.714s) [    7F584EE20780]vtkDemandDrivenPipeline:672    ERR| vtkCompositeDataPipeline (0x55763d7c2a80): Input port 0 of algorithm vtkAppendFilter (0x55763d8073c0) has 0 connections but is not optional.
ERROR:root:Input port 0 of algorithm vtkAppendFilter (0x55763d8073c0) has 0 connections but is not optional.
2026-07-09 08:09:54.006 (   0.714s) [    7F584EE20780]vtkDemandDrivenPipeline:672    ERR| vtkCompositeDataPipeline (0x55763d7c2a80): Input port 0 of algorithm vtkAppendFilter (0x55763d812ef0) has 0 connections but is not optional.
ERROR:root:Input port 0 of algorithm vtkAppendFilter (0x55763d812ef0) has 0 connections but is not optional.
2026-07-09 08:09:54.006 (   0.714s) [    7F584EE20780]vtkDemandDrivenPipeline:672    ERR| vtkCompositeDataPipeline (0x55763d7c2a80): Input port 0 of algorithm vtkAppendFilter (0x55763d818ce0) has 0 connections but is not optional.
ERROR:root:Input port 0 of algorithm vtkAppendFilter (0x55763d818ce0) has 0 connections but is not optional.
2026-07-09 08:09:54.007 (   0.714s) [    7F584EE20780]vtkDemandDrivenPipeline:672    ERR| vtkCompositeDataPipeline (0x55763d7c2a80): Input port 0 of algorithm vtkAppendFilter (0x55763d81b790) has 0 connections but is not optional.
ERROR:root:Input port 0 of algorithm vtkAppendFilter (0x55763d81b790) has 0 connections but is not optional.
2026-07-09 08:09:54.007 (   0.715s) [    7F584EE20780]vtkDemandDrivenPipeline:672    ERR| vtkCompositeDataPipeline (0x55763d7c2a80): Input port 0 of algorithm vtkAppendFilter (0x55763d81c160) has 0 connections but is not optional.
ERROR:root:Input port 0 of algorithm vtkAppendFilter (0x55763d81c160) has 0 connections but is not optional.
/home/matthias/constitutive_modeling/next_v2611/EdelweissMeshfree/examples/discrete_rigid_contact/test_shifted_impact.py:169: PyVistaFutureWarning: The default value of `algorithm` for the filter
`UnstructuredGrid.extract_surface` will change in the future. It currently defaults to
`'dataset_surface'`, but will change to `None`. Explicitly set the `algorithm` keyword to
silence this warning.
  surf = mesh.extract_surface()
2026-07-09 08:09:54.030 (   0.738s) [    7F584EE20780]vtkDemandDrivenPipeline:672    ERR| vtkCompositeDataPipeline (0x55763d7c2a80): Input port 0 of algorithm vtkAppendFilter (0x55763d81c160) has 0 connections but is not optional.
ERROR:root:Input port 0 of algorithm vtkAppendFilter (0x55763d81c160) has 0 connections but is not optional.
2026-07-09 08:09:54.031 (   0.738s) [    7F584EE20780]vtkDemandDrivenPipeline:672    ERR| vtkCompositeDataPipeline (0x55763d7c2a80): Input port 0 of algorithm vtkAppendFilter (0x55763d831610) has 0 connections but is not optional.
ERROR:root:Input port 0 of algorithm vtkAppendFilter (0x55763d831610) has 0 connections but is not optional.
2026-07-09 08:09:54.031 (   0.739s) [    7F584EE20780]vtkDemandDrivenPipeline:672    ERR| vtkCompositeDataPipeline (0x55763d7c2a80): Input port 0 of algorithm vtkAppendFilter (0x55763d811cf0) has 0 connections but is not optional.
ERROR:root:Input port 0 of algorithm vtkAppendFilter (0x55763d811cf0) has 0 connections but is not optional.
2026-07-09 08:09:54.031 (   0.739s) [    7F584EE20780]vtkDemandDrivenPipeline:672    ERR| vtkCompositeDataPipeline (0x55763d7c2a80): Input port 0 of algorithm vtkAppendFilter (0x55763d809f10) has 0 connections but is not optional.
ERROR:root:Input port 0 of algorithm vtkAppendFilter (0x55763d809f10) has 0 connections but is not optional.
2026-07-09 08:09:54.031 (   0.739s) [    7F584EE20780]vtkDemandDrivenPipeline:672    ERR| vtkCompositeDataPipeline (0x55763d7c2a80): Input port 0 of algorithm vtkAppendFilter (0x55763dc58fc0) has 0 connections but is not optional.
ERROR:root:Input port 0 of algorithm vtkAppendFilter (0x55763dc58fc0) has 0 connections but is not optional.
2026-07-09 08:09:54.031 (   0.739s) [    7F584EE20780]vtkDemandDrivenPipeline:672    ERR| vtkCompositeDataPipeline (0x55763d7c2a80): Input port 0 of algorithm vtkAppendFilter (0x55763dc55290) has 0 connections but is not optional.
ERROR:root:Input port 0 of algorithm vtkAppendFilter (0x55763dc55290) has 0 connections but is not optional.
2026-07-09 08:09:54.031 (   0.739s) [    7F584EE20780]vtkDemandDrivenPipeline:672    ERR| vtkCompositeDataPipeline (0x55763d7c2a80): Input port 0 of algorithm vtkAppendFilter (0x55763d7aa0d0) has 0 connections but is not optional.
ERROR:root:Input port 0 of algorithm vtkAppendFilter (0x55763d7aa0d0) has 0 connections but is not optional.
/home/matthias/constitutive_modeling/next_v2611/EdelweissMeshfree/edelweissmeshfree/utils/discretesurfacequery.py:29: PyVistaFutureWarning: The default value of `algorithm` for the filter
`UnstructuredGrid.extract_surface` will change in the future. It currently defaults to
`'dataset_surface'`, but will change to `None`. Explicitly set the `algorithm` keyword to
silence this warning.
  self.mesh = self.mesh.extract_surface()
   Activating fields on Nodes from Particles                                               MPMModel
   Activating fields on Nodes from KinematicDrivers                                        MPMModel
   Activating fields on nodes from Elements and Constraints                                MPMModel
   Bundling fields on nodes to NodeFields                                                  MPMModel
   Assembling ScalarVariables                                                              MPMModel
 +-----------------------------------------+------------------------------------+           summary
 | model property                          |                                    |           summary
 +-----------------------------------------+------------------------------------+           summary
 | domain dim.                             | 3                                  |           summary
 | time                                    | 0.0                                |           summary
 | nodes                                   | 1829                               |           summary
 | elements                                | 827                                |           summary
 | node sets                               | ['matching_kernels_all',           |           summary
 |                                         | 'rigid_surface_nodes', 'rigid_rp', |           summary
 |                                         | 'all']                             |           summary
 | node fields                             | ['displacement', 'rotation']       |           summary
 | element sets                            | ['rigid_surface',                  |           summary
 |                                         | 'rigid_rp_element', 'all']         |           summary
 | sections                                | []                                 |           summary
 | surfaces                                | []                                 |           summary
 | constraints                             | 3                                  |           summary
 | constraint sets                         | ['bottom_fix', 'rigid_impact']     |           summary
 | materials                               | []                                 |           summary
 | analytical fields                       | []                                 |           summary
 | scalar vars.                            | 0                                  |           summary
 | material points                         | 0                                  |           summary
 | cells                                   | 0                                  |           summary
 | cell elements                           | 0                                  |           summary
 | material point sets                     | ['all']                            |           summary
 | cell sets                               | ['all']                            |           summary
 | cell element sets                       | ['all']                            |           summary
 | particles                               | 1000                               |           summary
 | particle sets                           | ['mesh_particles_all',             |           summary
 |                                         | 'mesh_particles_block_block_1',    |           summary
 |                                         | 'bottom', 'all']                   |           summary
 | meshfree kernel functions               | 1000                               |           summary
 | particle kernel domains                 | ['all']                            |           summary
 +-----------------------------------------+------------------------------------+           summary
DEBUG ELEMENTS:
Found RP Element! <edelweissfe.elements.pointmass.PointMass object at 0x4ccd0e42b90>
 +------------------------------+-----------------------------------------------+Explicit-MP-Solver
 |        Solver option         |                     value                     |Explicit-MP-Solver
 +------------------------------+-----------------------------------------------+Explicit-MP-Solver
 |         field orders         |       {'displacement': 2, 'rotation': 2}      |Explicit-MP-Solver
 |        damping factor        |                      0.0                      |Explicit-MP-Solver
 |    write restart interval    |                       0                       |Explicit-MP-Solver
 +------------------------------+-----------------------------------------------+Explicit-MP-Solver
   Step 0: Time 0.000000e+00, dt 0.000000e+00                                    Explicit-MP-Solver
   updating particle kernel connectivity                                         Explicit-MP-Solver
   Updating kernel function positions...                                            ParticleManager
DEBUG: PointMass.computeLumpedInertia called for el 1999998
DEBUG: Added mass [ 156000.  156000.  156000. 6170000. 6170000. 1930000.] to el 1999998. M[el] is now [ 156000.  156000.  156000. 6170000. 6170000. 1930000.]
DEBUG: Added momentum [       0. -1560000.        0.        0.        0.        0.] to el 1999998. Mv[el] is now [       0. -1560000.        0.        0.        0.        0.]
   updating particle kernel connectivity                                         Explicit-MP-Solver
   Updating kernel function positions...                                            ParticleManager
DEBUG: PointMass.computeLumpedInertia called for el 1999998
DEBUG: Added mass [ 156000.  156000.  156000. 6170000. 6170000. 1930000.] to el 1999998. M[el] is now [ 156000.  156000.  156000. 6170000. 6170000. 1930000.]
DEBUG: Added momentum [       0. -1560000.        0.        0.        0.        0.] to el 1999998. Mv[el] is now [       0. -1560000.        0.        0.        0.        0.]
   Step 1: Time 5.000000e-03, dt 5.000000e-03                                    Explicit-MP-Solver
   updating particle kernel connectivity                                         Explicit-MP-Solver
   Updating kernel function positions...                                            ParticleManager
DEBUG: PointMass.computeLumpedInertia called for el 1999998
DEBUG: Added mass [ 156000.  156000.  156000. 6170000. 6170000. 1930000.] to el 1999998. M[el] is now [ 156000.  156000.  156000. 6170000. 6170000. 1930000.]
DEBUG: Added momentum [       0. -1560000.        0.        0.        0.        0.] to el 1999998. Mv[el] is now [       0. -1560000.        0.        0.        0.        0.]
   Step 2: Time 1.000000e-02, dt 5.000000e-03                                    Explicit-MP-Solver
   updating particle kernel connectivity                                         Explicit-MP-Solver
   Updating kernel function positions...                                            ParticleManager
DEBUG: PointMass.computeLumpedInertia called for el 1999998
DEBUG: Added mass [ 156000.  156000.  156000. 6170000. 6170000. 1930000.] to el 1999998. M[el] is now [ 156000.  156000.  156000. 6170000. 6170000. 1930000.]
DEBUG: Added momentum [       0. -1560000.        0.        0.        0.        0.] to el 1999998. Mv[el] is now [       0. -1560000.        0.        0.        0.        0.]
   Step 3: Time 1.500000e-02, dt 5.000000e-03                                    Explicit-MP-Solver
   updating particle kernel connectivity                                         Explicit-MP-Solver
   Updating kernel function positions...                                            ParticleManager
DEBUG: PointMass.computeLumpedInertia called for el 1999998
DEBUG: Added mass [ 156000.  156000.  156000. 6170000. 6170000. 1930000.] to el 1999998. M[el] is now [ 156000.  156000.  156000. 6170000. 6170000. 1930000.]
DEBUG: Added momentum [       0. -1560000.        0.        0.        0.        0.] to el 1999998. Mv[el] is now [       0. -1560000.        0.        0.        0.        0.]
   Step 4: Time 2.000000e-02, dt 5.000000e-03                                    Explicit-MP-Solver
   updating particle kernel connectivity                                         Explicit-MP-Solver
   Updating kernel function positions...                                            ParticleManager
DEBUG: PointMass.computeLumpedInertia called for el 1999998
DEBUG: Added mass [ 156000.  156000.  156000. 6170000. 6170000. 1930000.] to el 1999998. M[el] is now [ 156000.  156000.  156000. 6170000. 6170000. 1930000.]
DEBUG: Added momentum [       0. -1560000.        0.        0.        0.        0.] to el 1999998. Mv[el] is now [       0. -1560000.        0.        0.        0.        0.]
   Step 5: Time 2.500000e-02, dt 5.000000e-03                                    Explicit-MP-Solver
   updating particle kernel connectivity                                         Explicit-MP-Solver
   Updating kernel function positions...                                            ParticleManager
